EjemploContent/build/outputs/logs/manifest-merger-debug-report.txt
-- Merging decision tree log ---
manifest
ADDED from PMDM/EjemploContent/AndroidManifest.xml:2:1-29:12
INJECTED from PMDM/EjemploContent/AndroidManifest.xml:2:1-29:12
INJECTED from PMDM/EjemploContent/AndroidManifest.xml:2:1-29:12
INJECTED from PMDM/EjemploContent/AndroidManifest.xml:2:1-29:12
INJECTED from PMDM/EjemploContent/AndroidManifest.xml:2:1-29:12
	package
		ADDED from PMDM/EjemploContent/AndroidManifest.xml:3:5-41
	android:versionName
		ADDED from PMDM/EjemploContent/AndroidManifest.xml:5:5-30
		INJECTED from PMDM/EjemploContent/AndroidManifest.xml
		INJECTED from PMDM/EjemploContent/AndroidManifest.xml
	xmlns:android
		ADDED from PMDM/EjemploContent/AndroidManifest.xml:2:11-69
	android:versionCode
		ADDED from PMDM/EjemploContent/AndroidManifest.xml:4:5-28
		INJECTED from PMDM/EjemploContent/AndroidManifest.xml
		INJECTED from PMDM/EjemploContent/AndroidManifest.xml
uses-permission#com.android.browser.permission.READ_HISTORY_BOOKMARKS
ADDED from PMDM/EjemploContent/AndroidManifest.xml:7:5-93
	android:name
		ADDED from PMDM/EjemploContent/AndroidManifest.xml:7:22-90
uses-sdk
ADDED from PMDM/EjemploContent/AndroidManifest.xml:9:5-11:41
	android:targetSdkVersion
		ADDED from PMDM/EjemploContent/AndroidManifest.xml:11:9-38
	android:minSdkVersion
		ADDED from PMDM/EjemploContent/AndroidManifest.xml:10:9-34
application
ADDED from PMDM/EjemploContent/AndroidManifest.xml:13:5-27:19
	android:label
		ADDED from PMDM/EjemploContent/AndroidManifest.xml:16:9-41
	android:icon
		ADDED from PMDM/EjemploContent/AndroidManifest.xml:15:9-45
	android:allowBackup
		ADDED from PMDM/EjemploContent/AndroidManifest.xml:14:9-35
	android:theme
		ADDED from PMDM/EjemploContent/AndroidManifest.xml:17:9-40
activity#com.example.ejemplocontent.MainActivity
ADDED from PMDM/EjemploContent/AndroidManifest.xml:18:9-26:20
	android:label
		ADDED from PMDM/EjemploContent/AndroidManifest.xml:20:13-45
	android:name
		ADDED from PMDM/EjemploContent/AndroidManifest.xml:19:13-67
intent-filter#android.intent.action.MAIN+android.intent.category.LAUNCHER
ADDED from PMDM/EjemploContent/AndroidManifest.xml:21:13-25:29
action#android.intent.action.MAIN
ADDED from PMDM/EjemploContent/AndroidManifest.xml:22:17-69
	android:name
		ADDED from PMDM/EjemploContent/AndroidManifest.xml:22:25-66
category#android.intent.category.LAUNCHER
ADDED from PMDM/EjemploContent/AndroidManifest.xml:24:17-77
	android:name
		ADDED from PMDM/EjemploContent/AndroidManifest.xml:24:27-74